# JRE version: Java(TM) SE Runtime Environment 18.9 (11.0.10+8) (build 11.0.10+8-LTS-162)
# Java VM: Java HotSpot(TM) 64-Bit Server VM 18.9 (11.0.10+8-LTS-162, mixed mode, tiered, compressed oops, g1 gc, windows-amd64)
Heap:
 garbage-first heap   total 548864K, used 162432K [0x0000000080000000, 0x0000000100000000)
  region size 1024K, 19 young (19456K), 19 survivors (19456K)
 Metaspace       used 129261K, capacity 132924K, committed 133416K, reserved 1165312K
  class space    used 15704K, capacity 16851K, committed 17036K, reserved 1048576K
GC Heap History (10 events):
Event: 196.066 GC heap after
{Heap after GC invocations=55 (full 0):
 garbage-first heap   total 385024K, used 147365K [0x0000000080000000, 0x0000000100000000)
  region size 1024K, 11 young (11264K), 11 survivors (11264K)
 Metaspace       used 129100K, capacity 132713K, committed 133160K, reserved 1165312K
  class space    used 15702K, capacity 16850K, committed 17036K, reserved 1048576K
}
Event: 196.675 GC heap before
{Heap before GC invocations=55 (full 0):
 garbage-first heap   total 385024K, used 323493K [0x0000000080000000, 0x0000000100000000)
  region size 1024K, 183 young (187392K), 11 survivors (11264K)
 Metaspace       used 129115K, capacity 132715K, committed 133160K, reserved 1165312K
  class space    used 15702K, capacity 16850K, committed 17036K, reserved 1048576K
}
Event: 196.693 GC heap after
{Heap after GC invocations=56 (full 0):
 garbage-first heap   total 463872K, used 146937K [0x0000000080000000, 0x0000000100000000)
  region size 1024K, 11 young (11264K), 11 survivors (11264K)
 Metaspace       used 129115K, capacity 132715K, committed 133160K, reserved 1165312K
  class space    used 15702K, capacity 16850K, committed 17036K, reserved 1048576K
}
Event: 197.333 GC heap before
{Heap before GC invocations=56 (full 0):
 garbage-first heap   total 463872K, used 388601K [0x0000000080000000, 0x0000000100000000)
  region size 1024K, 247 young (252928K), 11 survivors (11264K)
 Metaspace       used 129152K, capacity 132784K, committed 133160K, reserved 1165312K
  class space    used 15702K, capacity 16850K, committed 17036K, reserved 1048576K
}
Event: 197.351 GC heap after
{Heap after GC invocations=57 (full 0):
 garbage-first heap   total 463872K, used 151040K [0x0000000080000000, 0x0000000100000000)
  region size 1024K, 15 young (15360K), 15 survivors (15360K)
 Metaspace       used 129152K, capacity 132784K, committed 133160K, reserved 1165312K
  class space    used 15702K, capacity 16850K, committed 17036K, reserved 1048576K
}
Event: 197.987 GC heap before
{Heap before GC invocations=57 (full 0):
 garbage-first heap   total 463872K, used 396800K [0x0000000080000000, 0x0000000100000000)
  region size 1024K, 255 young (261120K), 15 survivors (15360K)
 Metaspace       used 129194K, capacity 132848K, committed 133160K, reserved 1165312K
  class space    used 15702K, capacity 16850K, committed 17036K, reserved 1048576K
}
Event: 198.010 GC heap after
{Heap after GC invocations=58 (full 0):
 garbage-first heap   total 463872K, used 160014K [0x0000000080000000, 0x0000000100000000)
  region size 1024K, 23 young (23552K), 23 survivors (23552K)
 Metaspace       used 129194K, capacity 132848K, committed 133160K, reserved 1165312K
  class space    used 15702K, capacity 16850K, committed 17036K, reserved 1048576K
}
Event: 198.567 GC heap before
{Heap before GC invocations=58 (full 0):
 garbage-first heap   total 463872K, used 391438K [0x0000000080000000, 0x0000000100000000)
  region size 1024K, 249 young (254976K), 23 survivors (23552K)
 Metaspace       used 129219K, capacity 132848K, committed 133160K, reserved 1165312K
  class space    used 15704K, capacity 16850K, committed 17036K, reserved 1048576K
}
Event: 198.592 GC heap after
{Heap after GC invocations=59 (full 0):
 garbage-first heap   total 463872K, used 160330K [0x0000000080000000, 0x0000000100000000)
  region size 1024K, 18 young (18432K), 18 survivors (18432K)
 Metaspace       used 129219K, capacity 132848K, committed 133160K, reserved 1165312K
  class space    used 15704K, capacity 16850K, committed 17036K, reserved 1048576K
}
Event: 199.094 GC heap before
{Heap before GC invocations=59 (full 0):
 garbage-first heap   total 463872K, used 391754K [0x0000000080000000, 0x0000000100000000)
  region size 1024K, 245 young (250880K), 18 survivors (18432K)
 Metaspace       used 129261K, capacity 132924K, committed 133416K, reserved 1165312K
  class space    used 15704K, capacity 16851K, committed 17036K, reserved 1048576K
}

